# JRE version: Java(TM) SE Runtime Environment (8.0_201-b09) (build 1.8.0_201-b09)
# Java VM: Java HotSpot(TM) 64-Bit Server VM (25.201-b09 mixed mode windows-amd64 compressed oops)
Heap:
 PSYoungGen      total 76800K, used 32138K [0x00000000d6200000, 0x00000000db800000, 0x0000000100000000)
  eden space 65536K, 31% used [0x00000000d6200000,0x00000000d7662a10,0x00000000da200000)
  from space 11264K, 100% used [0x00000000da200000,0x00000000dad00000,0x00000000dad00000)
  to   space 10752K, 0% used [0x00000000dad80000,0x00000000dad80000,0x00000000db800000)
 ParOldGen       total 86016K, used 15920K [0x0000000082600000, 0x0000000087a00000, 0x00000000d6200000)
  object space 86016K, 18% used [0x0000000082600000,0x000000008358c228,0x0000000087a00000)
 Metaspace       used 19033K, capacity 19438K, committed 19584K, reserved 1067008K
  class space    used 2266K, capacity 2389K, committed 2432K, reserved 1048576K
GC Heap History (10 events):
Event: 2.528 GC heap before
{Heap before GC invocations=3 (full 0):
 PSYoungGen      total 37888K, used 37879K [0x00000000d6200000, 0x00000000dac00000, 0x0000000100000000)
  eden space 32768K, 100% used [0x00000000d6200000,0x00000000d8200000,0x00000000d8200000)
  from space 5120K, 99% used [0x00000000d8700000,0x00000000d8bfdc90,0x00000000d8c00000)
  to   space 5120K, 0% used [0x00000000d8200000,0x00000000d8200000,0x00000000d8700000)
 ParOldGen       total 86016K, used 1597K [0x0000000082600000, 0x0000000087a00000, 0x00000000d6200000)
  object space 86016K, 1% used [0x0000000082600000,0x000000008278f6c8,0x0000000087a00000)
 Metaspace       used 14754K, capacity 14970K, committed 15232K, reserved 1062912K
  class space    used 1824K, capacity 1907K, committed 1920K, reserved 1048576K
Event: 2.541 GC heap after
Heap after GC invocations=3 (full 0):
 PSYoungGen      total 37888K, used 5088K [0x00000000d6200000, 0x00000000d8c00000, 0x0000000100000000)
  eden space 32768K, 0% used [0x00000000d6200000,0x00000000d6200000,0x00000000d8200000)
  from space 5120K, 99% used [0x00000000d8200000,0x00000000d86f8020,0x00000000d8700000)
  to   space 5120K, 0% used [0x00000000d8700000,0x00000000d8700000,0x00000000d8c00000)
 ParOldGen       total 86016K, used 5376K [0x0000000082600000, 0x0000000087a00000, 0x00000000d6200000)
  object space 86016K, 6% used [0x0000000082600000,0x0000000082b40050,0x0000000087a00000)
 Metaspace       used 14754K, capacity 14970K, committed 15232K, reserved 1062912K
  class space    used 1824K, capacity 1907K, committed 1920K, reserved 1048576K
}
Event: 3.086 GC heap before
{Heap before GC invocations=4 (full 0):
 PSYoungGen      total 37888K, used 37856K [0x00000000d6200000, 0x00000000d8c00000, 0x0000000100000000)
  eden space 32768K, 100% used [0x00000000d6200000,0x00000000d8200000,0x00000000d8200000)
  from space 5120K, 99% used [0x00000000d8200000,0x00000000d86f8020,0x00000000d8700000)
  to   space 5120K, 0% used [0x00000000d8700000,0x00000000d8700000,0x00000000d8c00000)
 ParOldGen       total 86016K, used 5376K [0x0000000082600000, 0x0000000087a00000, 0x00000000d6200000)
  object space 86016K, 6% used [0x0000000082600000,0x0000000082b40050,0x0000000087a00000)
 Metaspace       used 15125K, capacity 15398K, committed 15616K, reserved 1062912K
  class space    used 1837K, capacity 1941K, committed 2048K, reserved 1048576K
Event: 3.109 GC heap after
Heap after GC invocations=4 (full 0):
 PSYoungGen      total 37888K, used 5088K [0x00000000d6200000, 0x00000000dac00000, 0x0000000100000000)
  eden space 32768K, 0% used [0x00000000d6200000,0x00000000d6200000,0x00000000d8200000)
  from space 5120K, 99% used [0x00000000d8700000,0x00000000d8bf8040,0x00000000d8c00000)
  to   space 5120K, 0% used [0x00000000d8200000,0x00000000d8200000,0x00000000d8700000)
 ParOldGen       total 86016K, used 9253K [0x0000000082600000, 0x0000000087a00000, 0x00000000d6200000)
  object space 86016K, 10% used [0x0000000082600000,0x0000000082f09698,0x0000000087a00000)
 Metaspace       used 15125K, capacity 15398K, committed 15616K, reserved 1062912K
  class space    used 1837K, capacity 1941K, committed 2048K, reserved 1048576K
}
Event: 4.583 GC heap before
{Heap before GC invocations=5 (full 0):
 PSYoungGen      total 37888K, used 37856K [0x00000000d6200000, 0x00000000dac00000, 0x0000000100000000)
  eden space 32768K, 100% used [0x00000000d6200000,0x00000000d8200000,0x00000000d8200000)
  from space 5120K, 99% used [0x00000000d8700000,0x00000000d8bf8040,0x00000000d8c00000)
  to   space 5120K, 0% used [0x00000000d8200000,0x00000000d8200000,0x00000000d8700000)
 ParOldGen       total 86016K, used 9253K [0x0000000082600000, 0x0000000087a00000, 0x00000000d6200000)
  object space 86016K, 10% used [0x0000000082600000,0x0000000082f09698,0x0000000087a00000)
 Metaspace       used 15426K, capacity 15666K, committed 15872K, reserved 1062912K
  class space    used 1861K, capacity 1943K, committed 2048K, reserved 1048576K
Event: 4.600 GC heap after
Heap after GC invocations=5 (full 0):
 PSYoungGen      total 37888K, used 5104K [0x00000000d6200000, 0x00000000db900000, 0x0000000100000000)
  eden space 32768K, 0% used [0x00000000d6200000,0x00000000d6200000,0x00000000d8200000)
  from space 5120K, 99% used [0x00000000d8200000,0x00000000d86fc030,0x00000000d8700000)
  to   space 11776K, 0% used [0x00000000dad80000,0x00000000dad80000,0x00000000db900000)
 ParOldGen       total 86016K, used 13385K [0x0000000082600000, 0x0000000087a00000, 0x00000000d6200000)
  object space 86016K, 15% used [0x0000000082600000,0x00000000833127f8,0x0000000087a00000)
 Metaspace       used 15426K, capacity 15666K, committed 15872K, reserved 1062912K
  class space    used 1861K, capacity 1943K, committed 2048K, reserved 1048576K
}
Event: 6.096 GC heap before
{Heap before GC invocations=6 (full 0):
 PSYoungGen      total 37888K, used 37872K [0x00000000d6200000, 0x00000000db900000, 0x0000000100000000)
  eden space 32768K, 100% used [0x00000000d6200000,0x00000000d8200000,0x00000000d8200000)
  from space 5120K, 99% used [0x00000000d8200000,0x00000000d86fc030,0x00000000d8700000)
  to   space 11776K, 0% used [0x00000000dad80000,0x00000000dad80000,0x00000000db900000)
 ParOldGen       total 86016K, used 13385K [0x0000000082600000, 0x0000000087a00000, 0x00000000d6200000)
  object space 86016K, 15% used [0x0000000082600000,0x00000000833127f8,0x0000000087a00000)
 Metaspace       used 15579K, capacity 15876K, committed 16128K, reserved 1062912K
  class space    used 1865K, capacity 1946K, committed 2048K, reserved 1048576K
Event: 6.111 GC heap after
Heap after GC invocations=6 (full 0):
 PSYoungGen      total 76288K, used 8016K [0x00000000d6200000, 0x00000000db800000, 0x0000000100000000)
  eden space 65536K, 0% used [0x00000000d6200000,0x00000000d6200000,0x00000000da200000)
  from space 10752K, 74% used [0x00000000dad80000,0x00000000db554010,0x00000000db800000)
  to   space 11264K, 0% used [0x00000000da200000,0x00000000da200000,0x00000000dad00000)
 ParOldGen       total 86016K, used 13393K [0x0000000082600000, 0x0000000087a00000, 0x00000000d6200000)
  object space 86016K, 15% used [0x0000000082600000,0x00000000833147f8,0x0000000087a00000)
 Metaspace       used 15579K, capacity 15876K, committed 16128K, reserved 1062912K
  class space    used 1865K, capacity 1946K, committed 2048K, reserved 1048576K
}
Event: 11.153 GC heap before
{Heap before GC invocations=7 (full 0):
 PSYoungGen      total 76288K, used 73552K [0x00000000d6200000, 0x00000000db800000, 0x0000000100000000)
  eden space 65536K, 100% used [0x00000000d6200000,0x00000000da200000,0x00000000da200000)
  from space 10752K, 74% used [0x00000000dad80000,0x00000000db554010,0x00000000db800000)
  to   space 11264K, 0% used [0x00000000da200000,0x00000000da200000,0x00000000dad00000)
 ParOldGen       total 86016K, used 13393K [0x0000000082600000, 0x0000000087a00000, 0x00000000d6200000)
  object space 86016K, 15% used [0x0000000082600000,0x00000000833147f8,0x0000000087a00000)
 Metaspace       used 16793K, capacity 17134K, committed 17280K, reserved 1064960K
  class space    used 1979K, capacity 2085K, committed 2176K, reserved 1048576K
Event: 11.169 GC heap after
Heap after GC invocations=7 (full 0):
 PSYoungGen      total 76800K, used 11264K [0x00000000d6200000, 0x00000000db800000, 0x0000000100000000)
  eden space 65536K, 0% used [0x00000000d6200000,0x00000000d6200000,0x00000000da200000)
  from space 11264K, 100% used [0x00000000da200000,0x00000000dad00000,0x00000000dad00000)
  to   space 10752K, 0% used [0x00000000dad80000,0x00000000dad80000,0x00000000db800000)
 ParOldGen       total 86016K, used 15920K [0x0000000082600000, 0x0000000087a00000, 0x00000000d6200000)
  object space 86016K, 18% used [0x0000000082600000,0x000000008358c228,0x0000000087a00000)
 Metaspace       used 16793K, capacity 17134K, committed 17280K, reserved 1064960K
  class space    used 1979K, capacity 2085K, committed 2176K, reserved 1048576K
}

